<<<<<<< HEAD
# project  configured on Tue Mar 22 10:11:52 2016 by
=======
# project  configured on Tue Mar 15 00:00:13 2016 by
>>>>>>> 9d5e2a20a5cb91f3ddd293ef61b5be91ed956c56
# waf 1.7.11 (abi 98, python 2070af0 on darwin)
# using /Users/cesleemontgomery/Library/Application Support/Pebble SDK/SDKs/current/sdk-core/pebble/waf configure
#
----------------------------------------
Setting top to
<<<<<<< HEAD
/Users/cesleemontgomery/Documents/restfulapp/pebble
----------------------------------------
Setting out to
/Users/cesleemontgomery/Documents/restfulapp/pebble/build
=======
/Users/cesleemontgomery/Documents/restful/pebble
----------------------------------------
Setting out to
/Users/cesleemontgomery/Documents/restful/pebble/build
>>>>>>> 9d5e2a20a5cb91f3ddd293ef61b5be91ed956c56
----------------------------------------
Found Pebble SDK for chalk in:
/Users/cesleemontgomery/Library/Application Support/Pebble SDK/SDKs/current/sdk-core/pebble/chalk
----------------------------------------
Checking for program gcc,cc
arm-none-eabi-gcc
find program=['gcc', 'cc'] paths='' var='CC' -> 'arm-none-eabi-gcc'
----------------------------------------
Checking for program ar
arm-none-eabi-gcc-ar
find program=['ar'] paths='' var='AR' -> 'arm-none-eabi-gcc-ar'
----------------------------------------
Found Pebble SDK for basalt in:
/Users/cesleemontgomery/Library/Application Support/Pebble SDK/SDKs/current/sdk-core/pebble/basalt
----------------------------------------
Checking for program gcc,cc
arm-none-eabi-gcc
find program=['gcc', 'cc'] paths='' var='CC' -> 'arm-none-eabi-gcc'
----------------------------------------
Checking for program ar
arm-none-eabi-gcc-ar
find program=['ar'] paths='' var='AR' -> 'arm-none-eabi-gcc-ar'
<<<<<<< HEAD
=======
----------------------------------------
Found Pebble SDK for aplite in:
/Users/cesleemontgomery/Library/Application Support/Pebble SDK/SDKs/current/sdk-core/pebble/aplite
----------------------------------------
Checking for program gcc,cc
arm-none-eabi-gcc
find program=['gcc', 'cc'] paths='' var='CC' -> 'arm-none-eabi-gcc'
----------------------------------------
Checking for program ar
arm-none-eabi-gcc-ar
find program=['ar'] paths='' var='AR' -> 'arm-none-eabi-gcc-ar'
>>>>>>> 9d5e2a20a5cb91f3ddd293ef61b5be91ed956c56
